<?xml version="1.0" encoding="UTF-8"?>
<!-- Generated by org.testng.reporters.JUnitXMLReporter -->
<testsuite hostname="DESKTOP-5TGLKVE" ignored="0" name="DashboardTest" tests="21" failures="0" timestamp="30 Apr 2019 16:13:04 GMT" time="0.037" errors="0">
  <testcase name="CompleteTripCyclye_For9Trips_and_start1Trip" time="0.001" classname="Customer.CustomerDashTest"/>
  <testcase name="VerifyTotalTripsCount_And_TotalAmount_WhenUser_Landsonto_DashboardScreen" time="0.001" classname="Customer.CustomerDashTest"/>
  <testcase name="TaponFilterButton_WithoutSettingFromToDatesGoodsTypeValues_ValidateTripCount_TripAmount" time="0.001" classname="Customer.CustomerDashTest"/>
  <testcase name="TapOnClearFilterAndFilterButtons_WithoutSettingFromToDatesGoodsTypevalues_ValidateTripCount_TripAmount" time="0.001" classname="Customer.CustomerDashTest"/>
  <testcase name="SetFromDateToCurrentDate_ValidateTripCount_TripAmount" time="0.001" classname="Customer.CustomerDashTest"/>
  <testcase name="SetToDateToCurrentDate_ValidateTripCount_TripAmount" time="0.0" classname="Customer.CustomerDashTest"/>
  <testcase name="SetFromDateToPastDate_ValidateTripCount_TripAmount" time="0.001" classname="Customer.CustomerDashTest"/>
  <testcase name="SetToDateToPastDate_ValidateTripCount_TripAmount" time="0.0" classname="Customer.CustomerDashTest"/>
  <testcase name="IrrelvantGoodsTypeSearch_ByFilter" time="0.002" classname="Customer.CustomerDashTest"/>
  <testcase name="ValidateIfNoTripsAreDisplayed_WhenRelevant_DateRangeis_selected" time="0.0" classname="Customer.CustomerDashTest"/>
  <testcase name="Verify_Total_Live_AvailableTruckCount" time="0.0" classname="Partner.PartnerDashTest"/>
  <testcase name="Verify_TotalTripsCount_And_Amount" time="0.001" classname="Partner.PartnerDashTest"/>
  <testcase name="Verify_DashboardFilter_ByInvalidRegistrationnumber" time="0.003" classname="Partner.PartnerDashTest"/>
  <testcase name="Verify_DashboardFilter_BySetting_FromDate_to_CurrentDate" time="0.0" classname="Partner.PartnerDashTest"/>
  <testcase name="EndLiveTrip_AsPartner_And_ValidateTotalTripCount_TotalTripAmount" time="0.0" classname="Partner.PartnerDashTest"/>
  <testcase name="AfterTripCompletion_FilterBy_FromPickUpDateSettoCurrentDate_ValidateTotalTripCount_TotalTripAmount" time="0.0" classname="Partner.PartnerDashTest"/>
  <testcase name="AfterTripCompletion_FilterBy_ToPickDateSettoCurrentDate_ValidateTotalTripCount_TotalTripAmount" time="0.0" classname="Partner.PartnerDashTest"/>
  <testcase name="FilterSearch_Without_Selecting_AnyFilterAttributes_And_ValidateTotalTripCount_TotalAmount" time="0.0" classname="Partner.PartnerDashTest"/>
  <testcase name="ClearFilter_WithoutSelectin_AnyFilterAttributes_Search_And_ValidateTotalTripCount_And_TotalAmount" time="0.005" classname="Partner.PartnerDashTest"/>
  <testcase name="VerifyTruckStatus_AfterTripCompletionSuccessfully" time="0.001" classname="Partner.PartnerDashTest"/>
  <testcase name="Verify_IncreaseinTotalTripCount_TotalAmount_AfterTrip_EndedByPartner" time="0.0" classname="Customer.CustomerDashTest"/>
</testsuite> <!-- DashboardTest -->
